<?xml version="1.0" encoding="UTF-8" ?>
<testsuite failures="0" time="0.016" errors="0" skipped="0" tests="18" name="com.cubeia.poker.variant.telesina.hand.TelesinaHandComparatorTest">
  <properties>
[...]
</properties>
  <testcase time="0.001" classname="com.cubeia.poker.variant.telesina.hand.TelesinaHandComparatorTest" name="testTwoPairs"/>
  <testcase time="0" classname="com.cubeia.poker.variant.telesina.hand.TelesinaHandComparatorTest" name="testFullHouse"/>
  <testcase time="0.001" classname="com.cubeia.poker.variant.telesina.hand.TelesinaHandComparatorTest" name="testHighCard"/>
  <testcase time="0.003" classname="com.cubeia.poker.variant.telesina.hand.TelesinaHandComparatorTest" name="testShortHandsOneCard"/>
  <testcase time="0" classname="com.cubeia.poker.variant.telesina.hand.TelesinaHandComparatorTest" name="testShortHandsTwoCards"/>
  <testcase time="0" classname="com.cubeia.poker.variant.telesina.hand.TelesinaHandComparatorTest" name="testShortHandsThreeCards"/>
  <testcase time="0" classname="com.cubeia.poker.variant.telesina.hand.TelesinaHandComparatorTest" name="testShortHandsFourCards"/>
  <testcase time="0" classname="com.cubeia.poker.variant.telesina.hand.TelesinaHandComparatorTest" name="testPairs"/>
  <testcase time="0" classname="com.cubeia.poker.variant.telesina.hand.TelesinaHandComparatorTest" name="testPairs2"/>
  <testcase time="0" classname="com.cubeia.poker.variant.telesina.hand.TelesinaHandComparatorTest" name="testTwoPair2"/>
  <testcase time="0.001" classname="com.cubeia.poker.variant.telesina.hand.TelesinaHandComparatorTest" name="testThreeOfAKind"/>
  <testcase time="0.001" classname="com.cubeia.poker.variant.telesina.hand.TelesinaHandComparatorTest" name="testStraight"/>
  <testcase time="0.001" classname="com.cubeia.poker.variant.telesina.hand.TelesinaHandComparatorTest" name="testFlush"/>
  <testcase time="0" classname="com.cubeia.poker.variant.telesina.hand.TelesinaHandComparatorTest" name="testFourOfAKind"/>
  <testcase time="0.001" classname="com.cubeia.poker.variant.telesina.hand.TelesinaHandComparatorTest" name="testStraightFlush"/>
  <testcase time="0" classname="com.cubeia.poker.variant.telesina.hand.TelesinaHandComparatorTest" name="testStraightFlushLowestBeatsHighestHeadsUp"/>
  <testcase time="0" classname="com.cubeia.poker.variant.telesina.hand.TelesinaHandComparatorTest" name="testStraightFlushLowestDontBeatHighestWhenNotHeadsUp"/>
  <testcase time="0.003" classname="com.cubeia.poker.variant.telesina.hand.TelesinaHandComparatorTest" name="testEqualHandsAreEqual"/>
</testsuite>